<?xml version="1.0" encoding="UTF-8"?>
<!-- Generated by org.testng.reporters.JUnitReportReporter -->
<testsuite hostname="Sapphirus-T061" failures="0" tests="1" name="com.Test_Cases.Window_Handling" time="17.936" errors="0" timestamp="2024-12-14T12:36:45 IST" skipped="0">
  <testcase classname="com.Test_Cases.Window_Handling" name="window" time="17.936"/>
  <system-out/>
</testsuite> <!-- com.Test_Cases.Window_Handling -->
