<?xml version="1.0" encoding="UTF-8"?>
<!-- Generated by org.testng.reporters.JUnitReportReporter -->
<testsuite hostname="Sapphirus-T061" failures="0" tests="1" name="testcases.Dynamic_Table_Handle" time="8.717" errors="0" timestamp="2024-11-15T16:39:39 IST" skipped="0">
  <testcase classname="testcases.Dynamic_Table_Handle" name="dynamicTab" time="8.717"/>
  <system-out/>
</testsuite> <!-- testcases.Dynamic_Table_Handle -->
