<?xml version="1.0" encoding="UTF-8"?>
<!-- Generated by org.testng.reporters.JUnitReportReporter -->
<testsuite hostname="Sapphirus-T061" failures="0" tests="1" name="com.Test_Cases.Amazon" time="11.018" errors="0" timestamp="2024-12-10T11:35:49 IST" skipped="0">
  <testcase classname="com.Test_Cases.Amazon" name="dropdown" time="11.018"/>
  <system-out/>
</testsuite> <!-- com.Test_Cases.Amazon -->
