<?xml version="1.0" encoding="UTF-8"?>
<!-- Generated by org.testng.reporters.JUnitReportReporter -->
<testsuite hostname="Sapphirus-T061" failures="0" tests="1" name="testcases.Naukari" time="6.410" errors="0" timestamp="2024-11-15T16:39:39 IST" skipped="0">
  <testcase classname="testcases.Naukari" name="dropdown" time="6.410"/>
  <system-out/>
</testsuite> <!-- testcases.Naukari -->
