<?xml version="1.0" encoding="UTF-8"?>
<!-- Generated by org.testng.reporters.JUnitReportReporter -->
<testsuite hostname="Sapphirus-T061" failures="0" tests="1" name="login.User_Name" time="6.149" errors="0" timestamp="2024-10-15T16:08:01 IST" skipped="0">
  <testcase classname="login.User_Name" name="m1" time="6.149"/>
  <system-out>
    <![CDATA[same]]>
  </system-out>
</testsuite> <!-- login.User_Name -->
