<?xml version="1.0" encoding="UTF-8"?>
<!-- Generated by org.testng.reporters.JUnitReportReporter -->
<testsuite hostname="Sapphirus-T061" failures="0" tests="1" name="testcases.Alert_Popup" time="7.065" errors="0" timestamp="2024-11-15T16:34:56 IST" skipped="0">
  <testcase classname="testcases.Alert_Popup" name="popUp" time="7.065"/>
  <system-out/>
</testsuite> <!-- testcases.Alert_Popup -->
