<?xml version="1.0" encoding="UTF-8"?>
<!-- Generated by org.testng.reporters.JUnitReportReporter -->
<testsuite hostname="Sapphirus-T061" failures="0" tests="1" name="testcases.Demo" time="7.984" errors="0" timestamp="2024-11-15T16:34:56 IST" skipped="0">
  <testcase classname="testcases.Demo" name="demo" time="7.984"/>
  <system-out/>
</testsuite> <!-- testcases.Demo -->
