<?xml version="1.0" encoding="UTF-8"?>
<!-- Generated by org.testng.reporters.JUnitReportReporter -->
<testsuite hostname="Sapphirus-T061" failures="0" tests="1" name="pom_Test_Pages.Amazon" time="15.733" errors="0" timestamp="2024-10-19T17:13:47 IST" skipped="0">
  <testcase classname="pom_Test_Pages.Amazon" name="dropdown" time="15.733"/>
  <system-out/>
</testsuite> <!-- pom_Test_Pages.Amazon -->
