<?xml version="1.0" encoding="UTF-8"?>
<!-- Generated by org.testng.reporters.JUnitReportReporter -->
<testsuite hostname="Sapphirus-T061" failures="0" tests="1" name="com.Test_Cases.Alert_Popup" time="6.578" errors="0" timestamp="2024-11-30T12:17:59 IST" skipped="0">
  <testcase classname="com.Test_Cases.Alert_Popup" name="popUp" time="6.578"/>
  <system-out/>
</testsuite> <!-- com.Test_Cases.Alert_Popup -->
