<?xml version="1.0" encoding="UTF-8"?>
<!-- Generated by org.testng.reporters.JUnitReportReporter -->
<testsuite hostname="Sapphirus-T061" failures="0" tests="1" name="testcases.Multi_Browser" time="24.725" errors="0" timestamp="2024-11-15T16:25:01 IST" skipped="0">
  <testcase classname="testcases.Multi_Browser" name="multiBrows" time="24.725"/>
  <system-out/>
</testsuite> <!-- testcases.Multi_Browser -->
